生成启动时间为 2017-6-6 22:33:31。
     1>项目“F:\opengl-learn2\learn\learn\learn.vcxproj”在节点 2 上(build 个目标)。
     1>InitializeBuildStatus:
         正在对“Debug\learn.unsuccessfulbuild”执行 Touch 任务。
       ClCompile:
         e:\Microsoft Visual Studio 10.0\VC\bin\CL.exe /c /I"F:\opengl-learn2\learn\learn" /ZI /nologo /W3 /WX- /Od /Oy- /D _MBCS /Gm /EHsc /RTC1 /MDd /GS /fp:precise /Zc:wchar_t /Zc:forScope /Fo"Debug\\" /Fd"Debug\vc100.pdb" /Gd /TP /analyze- /errorReport:prompt main.cpp
         main.cpp
     1>f:\opengl-learn2\learn\learn\main.cpp(76): warning C4305: “参数”: 从“double”到“GLclampf”截断
     1>f:\opengl-learn2\learn\learn\main.cpp(76): warning C4305: “参数”: 从“double”到“GLclampf”截断
     1>f:\opengl-learn2\learn\learn\main.cpp(128): warning C4244: “参数”: 从“double”转换到“GLfloat”，可能丢失数据
     1>f:\opengl-learn2\learn\learn\main.cpp(128): warning C4244: “参数”: 从“double”转换到“GLfloat”，可能丢失数据
     1>f:\opengl-learn2\learn\learn\main.cpp(128): warning C4244: “参数”: 从“double”转换到“GLfloat”，可能丢失数据
     1>f:\opengl-learn2\learn\learn\main.cpp(129): warning C4244: “参数”: 从“double”转换到“GLfloat”，可能丢失数据
     1>f:\opengl-learn2\learn\learn\main.cpp(129): warning C4244: “参数”: 从“double”转换到“GLfloat”，可能丢失数据
     1>f:\opengl-learn2\learn\learn\main.cpp(129): warning C4244: “参数”: 从“double”转换到“GLfloat”，可能丢失数据
     1>f:\opengl-learn2\learn\learn\main.cpp(130): warning C4244: “参数”: 从“double”转换到“GLfloat”，可能丢失数据
     1>f:\opengl-learn2\learn\learn\main.cpp(130): warning C4244: “参数”: 从“double”转换到“GLfloat”，可能丢失数据
     1>f:\opengl-learn2\learn\learn\main.cpp(130): warning C4244: “参数”: 从“double”转换到“GLfloat”，可能丢失数据
     1>f:\opengl-learn2\learn\learn\main.cpp(131): warning C4244: “参数”: 从“double”转换到“GLfloat”，可能丢失数据
     1>f:\opengl-learn2\learn\learn\main.cpp(131): warning C4244: “参数”: 从“double”转换到“GLfloat”，可能丢失数据
     1>f:\opengl-learn2\learn\learn\main.cpp(131): warning C4244: “参数”: 从“double”转换到“GLfloat”，可能丢失数据
     1>f:\opengl-learn2\learn\learn\main.cpp(137): warning C4244: “参数”: 从“double”转换到“GLfloat”，可能丢失数据
     1>f:\opengl-learn2\learn\learn\main.cpp(137): warning C4244: “参数”: 从“double”转换到“GLfloat”，可能丢失数据
     1>f:\opengl-learn2\learn\learn\main.cpp(137): warning C4244: “参数”: 从“double”转换到“GLfloat”，可能丢失数据
     1>f:\opengl-learn2\learn\learn\main.cpp(138): warning C4244: “参数”: 从“double”转换到“GLfloat”，可能丢失数据
     1>f:\opengl-learn2\learn\learn\main.cpp(138): warning C4244: “参数”: 从“double”转换到“GLfloat”，可能丢失数据
     1>f:\opengl-learn2\learn\learn\main.cpp(138): warning C4244: “参数”: 从“double”转换到“GLfloat”，可能丢失数据
     1>f:\opengl-learn2\learn\learn\main.cpp(139): warning C4244: “参数”: 从“double”转换到“GLfloat”，可能丢失数据
     1>f:\opengl-learn2\learn\learn\main.cpp(139): warning C4244: “参数”: 从“double”转换到“GLfloat”，可能丢失数据
     1>f:\opengl-learn2\learn\learn\main.cpp(139): warning C4244: “参数”: 从“double”转换到“GLfloat”，可能丢失数据
     1>f:\opengl-learn2\learn\learn\main.cpp(140): warning C4244: “参数”: 从“double”转换到“GLfloat”，可能丢失数据
     1>f:\opengl-learn2\learn\learn\main.cpp(140): warning C4244: “参数”: 从“double”转换到“GLfloat”，可能丢失数据
     1>f:\opengl-learn2\learn\learn\main.cpp(140): warning C4244: “参数”: 从“double”转换到“GLfloat”，可能丢失数据
     1>f:\opengl-learn2\learn\learn\main.cpp(146): warning C4244: “参数”: 从“double”转换到“GLfloat”，可能丢失数据
     1>f:\opengl-learn2\learn\learn\main.cpp(146): warning C4244: “参数”: 从“double”转换到“GLfloat”，可能丢失数据
     1>f:\opengl-learn2\learn\learn\main.cpp(146): warning C4244: “参数”: 从“double”转换到“GLfloat”，可能丢失数据
     1>f:\opengl-learn2\learn\learn\main.cpp(147): warning C4244: “参数”: 从“double”转换到“GLfloat”，可能丢失数据
     1>f:\opengl-learn2\learn\learn\main.cpp(147): warning C4244: “参数”: 从“double”转换到“GLfloat”，可能丢失数据
     1>f:\opengl-learn2\learn\learn\main.cpp(147): warning C4244: “参数”: 从“double”转换到“GLfloat”，可能丢失数据
     1>f:\opengl-learn2\learn\learn\main.cpp(148): warning C4244: “参数”: 从“double”转换到“GLfloat”，可能丢失数据
     1>f:\opengl-learn2\learn\learn\main.cpp(148): warning C4244: “参数”: 从“double”转换到“GLfloat”，可能丢失数据
     1>f:\opengl-learn2\learn\learn\main.cpp(148): warning C4244: “参数”: 从“double”转换到“GLfloat”，可能丢失数据
     1>f:\opengl-learn2\learn\learn\main.cpp(149): warning C4244: “参数”: 从“double”转换到“GLfloat”，可能丢失数据
     1>f:\opengl-learn2\learn\learn\main.cpp(149): warning C4244: “参数”: 从“double”转换到“GLfloat”，可能丢失数据
     1>f:\opengl-learn2\learn\learn\main.cpp(149): warning C4244: “参数”: 从“double”转换到“GLfloat”，可能丢失数据
     1>f:\opengl-learn2\learn\learn\main.cpp(155): warning C4244: “参数”: 从“double”转换到“GLfloat”，可能丢失数据
     1>f:\opengl-learn2\learn\learn\main.cpp(155): warning C4244: “参数”: 从“double”转换到“GLfloat”，可能丢失数据
     1>f:\opengl-learn2\learn\learn\main.cpp(155): warning C4244: “参数”: 从“double”转换到“GLfloat”，可能丢失数据
     1>f:\opengl-learn2\learn\learn\main.cpp(156): warning C4244: “参数”: 从“double”转换到“GLfloat”，可能丢失数据
     1>f:\opengl-learn2\learn\learn\main.cpp(156): warning C4244: “参数”: 从“double”转换到“GLfloat”，可能丢失数据
     1>f:\opengl-learn2\learn\learn\main.cpp(156): warning C4244: “参数”: 从“double”转换到“GLfloat”，可能丢失数据
     1>f:\opengl-learn2\learn\learn\main.cpp(157): warning C4244: “参数”: 从“double”转换到“GLfloat”，可能丢失数据
     1>f:\opengl-learn2\learn\learn\main.cpp(157): warning C4244: “参数”: 从“double”转换到“GLfloat”，可能丢失数据
     1>f:\opengl-learn2\learn\learn\main.cpp(157): warning C4244: “参数”: 从“double”转换到“GLfloat”，可能丢失数据
     1>f:\opengl-learn2\learn\learn\main.cpp(158): warning C4244: “参数”: 从“double”转换到“GLfloat”，可能丢失数据
     1>f:\opengl-learn2\learn\learn\main.cpp(158): warning C4244: “参数”: 从“double”转换到“GLfloat”，可能丢失数据
     1>f:\opengl-learn2\learn\learn\main.cpp(158): warning C4244: “参数”: 从“double”转换到“GLfloat”，可能丢失数据
     1>f:\opengl-learn2\learn\learn\main.cpp(164): warning C4244: “参数”: 从“double”转换到“GLfloat”，可能丢失数据
     1>f:\opengl-learn2\learn\learn\main.cpp(164): warning C4244: “参数”: 从“double”转换到“GLfloat”，可能丢失数据
     1>f:\opengl-learn2\learn\learn\main.cpp(164): warning C4244: “参数”: 从“double”转换到“GLfloat”，可能丢失数据
     1>f:\opengl-learn2\learn\learn\main.cpp(165): warning C4244: “参数”: 从“double”转换到“GLfloat”，可能丢失数据
     1>f:\opengl-learn2\learn\learn\main.cpp(165): warning C4244: “参数”: 从“double”转换到“GLfloat”，可能丢失数据
     1>f:\opengl-learn2\learn\learn\main.cpp(165): warning C4244: “参数”: 从“double”转换到“GLfloat”，可能丢失数据
     1>f:\opengl-learn2\learn\learn\main.cpp(166): warning C4244: “参数”: 从“double”转换到“GLfloat”，可能丢失数据
     1>f:\opengl-learn2\learn\learn\main.cpp(166): warning C4244: “参数”: 从“double”转换到“GLfloat”，可能丢失数据
     1>f:\opengl-learn2\learn\learn\main.cpp(166): warning C4244: “参数”: 从“double”转换到“GLfloat”，可能丢失数据
     1>f:\opengl-learn2\learn\learn\main.cpp(167): warning C4244: “参数”: 从“double”转换到“GLfloat”，可能丢失数据
     1>f:\opengl-learn2\learn\learn\main.cpp(167): warning C4244: “参数”: 从“double”转换到“GLfloat”，可能丢失数据
     1>f:\opengl-learn2\learn\learn\main.cpp(167): warning C4244: “参数”: 从“double”转换到“GLfloat”，可能丢失数据
     1>f:\opengl-learn2\learn\learn\main.cpp(173): warning C4244: “参数”: 从“double”转换到“GLfloat”，可能丢失数据
     1>f:\opengl-learn2\learn\learn\main.cpp(173): warning C4244: “参数”: 从“double”转换到“GLfloat”，可能丢失数据
     1>f:\opengl-learn2\learn\learn\main.cpp(173): warning C4244: “参数”: 从“double”转换到“GLfloat”，可能丢失数据
     1>f:\opengl-learn2\learn\learn\main.cpp(174): warning C4244: “参数”: 从“double”转换到“GLfloat”，可能丢失数据
     1>f:\opengl-learn2\learn\learn\main.cpp(174): warning C4244: “参数”: 从“double”转换到“GLfloat”，可能丢失数据
     1>f:\opengl-learn2\learn\learn\main.cpp(174): warning C4244: “参数”: 从“double”转换到“GLfloat”，可能丢失数据
     1>f:\opengl-learn2\learn\learn\main.cpp(175): warning C4244: “参数”: 从“double”转换到“GLfloat”，可能丢失数据
     1>f:\opengl-learn2\learn\learn\main.cpp(175): warning C4244: “参数”: 从“double”转换到“GLfloat”，可能丢失数据
     1>f:\opengl-learn2\learn\learn\main.cpp(175): warning C4244: “参数”: 从“double”转换到“GLfloat”，可能丢失数据
     1>f:\opengl-learn2\learn\learn\main.cpp(176): warning C4244: “参数”: 从“double”转换到“GLfloat”，可能丢失数据
     1>f:\opengl-learn2\learn\learn\main.cpp(176): warning C4244: “参数”: 从“double”转换到“GLfloat”，可能丢失数据
     1>f:\opengl-learn2\learn\learn\main.cpp(176): warning C4244: “参数”: 从“double”转换到“GLfloat”，可能丢失数据
       Link:
         e:\Microsoft Visual Studio 10.0\VC\bin\link.exe /ERRORREPORT:PROMPT /OUT:"F:\opengl-learn2\learn\Debug\learn.exe" /NOLOGO /LIBPATH:"C:\Program Files\Dev-Cpp\MinGW64\x86_64-w64-mingw32\lib" /LIBPATH:"C:\Program Files\Dev-Cpp\MinGW64\x86_64-w64-mingw32\lib32" /LIBPATH:"F:\opengl-learn\learn\learn\dll" opengl32.lib kernel32.lib user32.lib gdi32.lib winspool.lib comdlg32.lib advapi32.lib shell32.lib ole32.lib oleaut32.lib uuid.lib odbc32.lib odbccp32.lib kernel32.lib user32.lib gdi32.lib winspool.lib comdlg32.lib advapi32.lib shell32.lib ole32.lib oleaut32.lib uuid.lib odbc32.lib odbccp32.lib /MANIFEST /ManifestFile:"Debug\learn.exe.intermediate.manifest" /MANIFESTUAC:"level='asInvoker' uiAccess='false'" /DEBUG /PDB:"F:\opengl-learn2\learn\Debug\learn.pdb" /TLBID:1 /DYNAMICBASE /NXCOMPAT /IMPLIB:"F:\opengl-learn2\learn\Debug\learn.lib" /MACHINE:X86 Debug\main.obj
         LINK : 没有找到 F:\opengl-learn2\learn\Debug\learn.exe 或上一个增量链接没有生成它；正在执行完全链接
     1>dll/glut.dll : warning LNK4003: 无效的库格式；已忽略库
     1>F:\opengl-learn\learn\learn\dll\opengl32.dll : warning LNK4003: 无效的库格式；已忽略库
     1>dll/glut.dll : warning LNK4003: 无效的库格式；已忽略库
     1>F:\opengl-learn\learn\learn\dll\opengl32.dll : warning LNK4003: 无效的库格式；已忽略库
     1>LINK : warning LNK4098: 默认库“MSVCRT”与其他库的使用冲突；请使用 /NODEFAULTLIB:library
         learn.vcxproj -> F:\opengl-learn2\learn\Debug\learn.exe
       Manifest:
         C:\Program Files\Microsoft SDKs\Windows\v7.0A\bin\mt.exe /nologo /verbose /outputresource:"F:\opengl-learn2\learn\Debug\learn.exe;#1" /manifest Debug\learn.exe.intermediate.manifest
       FinalizeBuildStatus:
         正在删除文件“Debug\learn.unsuccessfulbuild”。
         正在对“Debug\learn.lastbuildstate”执行 Touch 任务。
     1>已完成生成项目“F:\opengl-learn2\learn\learn\learn.vcxproj”(build 个目标)的操作。

生成成功。

已用时间 00:00:01.57
